<?xml version="1.0" encoding="UTF-8"?>
<!-- Generated by org.testng.reporters.JUnitXMLReporter -->
<testsuite hostname="Giridhars-MBP" ignored="0" name="API Tests" tests="2" failures="0" timestamp="2020-05-12T10:35:45 BST" time="0.269" errors="0">
  <testcase name="emailNotificationsTest" time="0.128" classname="com.tests.email.EmailNotifications"/>
  <testcase name="pushNotificationsAndroid" time="0.127" classname="com.tests.push_android.PushNotificationsAndroid"/>
</testsuite> <!-- API Tests -->
