<?xml version="1.0" encoding="UTF-8"?>
<!-- Generated by org.testng.reporters.JUnitXMLReporter -->
<testsuite hostname="Giridhars-MacBook-Pro.local" ignored="0" name="Test" tests="4" failures="0" timestamp="2020-05-05T18:14:41 BST" time="1.314" errors="0">
  <testcase name="emailNotificationsTest" time="1.006" classname="com.tests.email.EmailNotifications"/>
  <testcase name="smsNotificationsTest" time="0.073" classname="com.tests.sms.SMSNotifications"/>
  <testcase name="pushAndroid" time="0.121" classname="com.tests.push_android.PushNotificationsiOS"/>
  <testcase name="emailNotificationsTest" time="0.077" classname="com.tests.push_ios.PushNotificationsAndroid"/>
</testsuite> <!-- Test -->
